兑换活动 : Not exists Item=31184
兑换活动 : Not exists Item=31184
兑换活动 : Not exists Item=35195
兑换活动 : Not exists Item=35195
兑换活动 : Not exists Item=0
准点在线 : Not exists Item=31186
准点在线 : Not exists Item=31186
准点在线 : Not exists Item=31189
准点在线 : Not exists Item=31189
准点在线 : Not exists Item=31190
准点在线 : Not exists Item=31190
准点在线 : Not exists Item=31187
准点在线 : Not exists Item=31187
准点在线 : Not exists Item=31188
准点在线 : Not exists Item=31188
宝箱 : Item=9073 is cloth or badge, so the count must be 1, not be 4
宝箱 : Item=40412 is cloth or badge, so the count must be 1, not be 5
宝箱 : Item=70606 is cloth or badge, so the count must be 1, not be 5
宝箱 : Item=87606 is cloth or badge, so the count must be 1, not be 2
礼包 : Not exists Item=31187
礼包 : Not exists Item=31187
礼包 : Not exists Item=31187
礼包 : Not exists Item=31187
累计充值 : Not exists Item=31187
累计充值 : Not exists Item=31187
累计充值 : Not exists Item=31187
累计充值 : Not exists Item=31187
累计在线 : Not exists Item=31186
累计在线 : Not exists Item=31186
累计在线 : Not exists Item=31187
累计在线 : Not exists Item=31187
累计在线 : Not exists Item=31188
累计在线 : Not exists Item=31188
累计在线 : Not exists Item=31189
累计在线 : Not exists Item=31189
累计在线 : Not exists Item=31186
累计在线 : Not exists Item=31186
累计在线 : Not exists Item=31186
累计在线 : Not exists Item=31186
累计消费 : Not exists Item=0
